<?xml version="1.0" encoding="UTF-8"?>
<testsuite name="com.group.libraryapp.calculator.CalculatorTest" tests="1" skipped="0" failures="0" errors="0" timestamp="2024-09-18T18:28:55" hostname="jeon-yunhwan-ui-Macmini.local" time="0.044">
  <properties/>
  <testcase name="addTest()" classname="com.group.libraryapp.calculator.CalculatorTest" time="0.044"/>
  <system-out><![CDATA[]]></system-out>
  <system-err><![CDATA[]]></system-err>
</testsuite>
