<?xml version="1.0" encoding="UTF-8"?>
<testsuite name="com.group.libraryapp.calculator.CalculatorTest" tests="1" skipped="0" failures="0" errors="0" timestamp="2024-09-18T14:36:12" hostname="jeon-yunhwans-MacBook-Pro.local" time="0.025">
  <properties/>
  <testcase name="addTest()" classname="com.group.libraryapp.calculator.CalculatorTest" time="0.025"/>
  <system-out><![CDATA[]]></system-out>
  <system-err><![CDATA[]]></system-err>
</testsuite>
